<?xml version="1.0" encoding="UTF-8"?>
<!-- Generated by org.testng.reporters.JUnitReportReporter -->
<testsuite hostname="Chinni-PC" failures="0" tests="1" name="rahulshettyacademy.Tests.ErrorValidations" time="5.644" errors="0" timestamp="2023-09-03T15:22:47 IST" skipped="0">
  <testcase classname="rahulshettyacademy.Tests.ErrorValidations" name="incorrectLogin" time="5.644"/>
</testsuite> <!-- rahulshettyacademy.Tests.ErrorValidations -->
