<?xml version="1.0" encoding="UTF-8"?>
<!-- Generated by org.testng.reporters.JUnitReportReporter -->
<testsuite hostname="Chinni-PC" failures="0" tests="2" name="cucumber.TestNgTestRunner" time="32.356" errors="0" timestamp="2023-09-07T13:47:08 IST" skipped="0">
  <testcase classname="cucumber.TestNgTestRunner" name="runScenario" time="23.201"/>
  <testcase classname="cucumber.TestNgTestRunner" name="runScenario" time="9.155"/>
</testsuite> <!-- cucumber.TestNgTestRunner -->
