<?xml version="1.0" encoding="UTF-8"?>
<!-- Generated by org.testng.reporters.JUnitReportReporter -->
<testsuite hostname="Chinni-PC" failures="0" tests="2" name="rahulshettyacademy.Tests.SubmitOrderTest" time="49.052" errors="0" timestamp="2023-09-05T20:52:21 IST" skipped="0">
  <testcase classname="rahulshettyacademy.Tests.SubmitOrderTest" name="submitOrder" time="23.536"/>
  <testcase classname="rahulshettyacademy.Tests.SubmitOrderTest" name="submitOrder" time="25.516"/>
</testsuite> <!-- rahulshettyacademy.Tests.SubmitOrderTest -->
